[ 2017-05-21T19:58:22+08:00 ] 127.0.0.1 /msgsys-002/index.php/home/Index/quit.html
INFO: [ app_begin ] --START--
INFO: Run Behavior\ReadHtmlCacheBehavior [ RunTime:0.001321s ]
INFO: [ app_begin ] --END-- [ RunTime:0.002266s ]
NOTIC: [8] Undefined index: msgsys_upass D:\Web\PHP\MsgSystem\msgsys-002\Home\Controller\IndexController.class.php 第 143 行.
INFO: [ app_end ] --START--
INFO: Run Behavior\ShowPageTraceBehavior [ RunTime:0.001370s ]
INFO: [ app_end ] --END-- [ RunTime:0.001524s ]

[ 2017-05-21T19:58:29+08:00 ] 127.0.0.1 /msgsys-002/index.php/home/Index/quit.html
INFO: [ app_begin ] --START--
INFO: Run Behavior\ReadHtmlCacheBehavior [ RunTime:0.001785s ]
INFO: [ app_begin ] --END-- [ RunTime:0.003018s ]
NOTIC: [8] Undefined index: msgsys_upass D:\Web\PHP\MsgSystem\msgsys-002\Home\Controller\IndexController.class.php 第 143 行.
INFO: [ app_end ] --START--
INFO: Run Behavior\ShowPageTraceBehavior [ RunTime:0.001675s ]
INFO: [ app_end ] --END-- [ RunTime:0.001833s ]

[ 2017-05-21T19:58:34+08:00 ] 127.0.0.1 /msgsys-002/index.php/home/Index/quit.html
INFO: [ app_begin ] --START--
INFO: Run Behavior\ReadHtmlCacheBehavior [ RunTime:0.001447s ]
INFO: [ app_begin ] --END-- [ RunTime:0.002686s ]
NOTIC: [8] Undefined index: msgsys_upass D:\Web\PHP\MsgSystem\msgsys-002\Home\Controller\IndexController.class.php 第 143 行.
INFO: [ app_end ] --START--
INFO: Run Behavior\ShowPageTraceBehavior [ RunTime:0.001408s ]
INFO: [ app_end ] --END-- [ RunTime:0.001568s ]

[ 2017-05-21T19:59:17+08:00 ] 127.0.0.1 /msgsys-002/index.php/home/Index/quit.html
INFO: [ app_begin ] --START--
INFO: Run Behavior\ReadHtmlCacheBehavior [ RunTime:0.001321s ]
INFO: [ app_begin ] --END-- [ RunTime:0.002294s ]
NOTIC: [8] Undefined index: msgsys_upass D:\Web\PHP\MsgSystem\msgsys-002\Home\Controller\IndexController.class.php 第 143 行.
INFO: [ app_end ] --START--
INFO: Run Behavior\ShowPageTraceBehavior [ RunTime:0.001491s ]
INFO: [ app_end ] --END-- [ RunTime:0.001656s ]

[ 2017-05-21T20:00:17+08:00 ] 127.0.0.1 /msgsys-002/index.php/home/Index/quit.html
INFO: [ app_begin ] --START--
INFO: Run Behavior\ReadHtmlCacheBehavior [ RunTime:0.001696s ]
INFO: [ app_begin ] --END-- [ RunTime:0.004062s ]
NOTIC: [8] Undefined index: msgsys_upass D:\Web\PHP\MsgSystem\msgsys-002\Home\Controller\IndexController.class.php 第 143 行.
INFO: [ app_end ] --START--
INFO: Run Behavior\ShowPageTraceBehavior [ RunTime:0.001633s ]
INFO: [ app_end ] --END-- [ RunTime:0.001827s ]

[ 2017-05-21T20:02:04+08:00 ] 127.0.0.1 /msgsys-002/index.php/home/Index/message.html
INFO: [ app_begin ] --START--
INFO: Run Behavior\ReadHtmlCacheBehavior [ RunTime:0.018743s ]
INFO: [ app_begin ] --END-- [ RunTime:0.020772s ]
SQL: SHOW COLUMNS FROM `msg_content` [ RunTime:0.0106s ]
SQL: INSERT INTO `msg_content` (`uid`,`text`,`time`,`uname`) VALUES ('2','Hello, I am very happy!','2017-05-21 20:02:04','qlover') [ RunTime:0.0856s ]
SQL: SELECT * FROM `msg_content` WHERE ( uname='qlover' ) ORDER BY id desc LIMIT 1   [ RunTime:0.0011s ]
INFO: [ app_end ] --START--
INFO: Run Behavior\ShowPageTraceBehavior [ RunTime:0.002534s ]
INFO: [ app_end ] --END-- [ RunTime:0.002808s ]

[ 2017-05-21T20:02:11+08:00 ] 127.0.0.1 /msgsys-002/index.php/home/Index/quit.html
INFO: [ app_begin ] --START--
INFO: Run Behavior\ReadHtmlCacheBehavior [ RunTime:0.001934s ]
INFO: [ app_begin ] --END-- [ RunTime:0.003280s ]
NOTIC: [8] Undefined index: msgsys_upass D:\Web\PHP\MsgSystem\msgsys-002\Home\Controller\IndexController.class.php 第 143 行.
INFO: [ app_end ] --START--
INFO: Run Behavior\ShowPageTraceBehavior [ RunTime:0.002710s ]
INFO: [ app_end ] --END-- [ RunTime:0.002996s ]

[ 2017-05-21T20:07:35+08:00 ] 127.0.0.1 /msgsys-002/index.php/home/Index/quit.html
INFO: [ app_begin ] --START--
INFO: Run Behavior\ReadHtmlCacheBehavior [ RunTime:0.001555s ]
INFO: [ app_begin ] --END-- [ RunTime:0.002769s ]
NOTIC: [8] Undefined index: msgsys_upass D:\Web\PHP\MsgSystem\msgsys-002\Home\Controller\IndexController.class.php 第 149 行.
INFO: [ app_end ] --START--
INFO: Run Behavior\ShowPageTraceBehavior [ RunTime:0.001656s ]
INFO: [ app_end ] --END-- [ RunTime:0.001856s ]

[ 2017-05-21T20:08:16+08:00 ] 127.0.0.1 /msgsys-002/index.php/home/Index/quit.html
INFO: [ app_begin ] --START--
INFO: Run Behavior\ReadHtmlCacheBehavior [ RunTime:0.001312s ]
INFO: [ app_begin ] --END-- [ RunTime:0.002299s ]
NOTIC: [8] Undefined index: msgsys_upass D:\Web\PHP\MsgSystem\msgsys-002\Home\Controller\IndexController.class.php 第 149 行.
INFO: [ app_end ] --START--
INFO: Run Behavior\ShowPageTraceBehavior [ RunTime:0.001352s ]
INFO: [ app_end ] --END-- [ RunTime:0.001506s ]

[ 2017-05-21T20:10:20+08:00 ] 127.0.0.1 /msgsys-002/index.php/home/Index/quit.html
INFO: [ app_begin ] --START--
INFO: Run Behavior\ReadHtmlCacheBehavior [ RunTime:0.001129s ]
INFO: [ app_begin ] --END-- [ RunTime:0.002030s ]
NOTIC: [8] Undefined index: msgsys_upass D:\Web\PHP\MsgSystem\msgsys-002\Home\Controller\IndexController.class.php 第 153 行.
INFO: [ app_end ] --START--
INFO: Run Behavior\ShowPageTraceBehavior [ RunTime:0.001142s ]
INFO: [ app_end ] --END-- [ RunTime:0.001275s ]

[ 2017-05-21T20:11:17+08:00 ] 127.0.0.1 /msgsys-002/index.php/home/Index/quit.html
INFO: [ app_begin ] --START--
INFO: Run Behavior\ReadHtmlCacheBehavior [ RunTime:0.001302s ]
INFO: [ app_begin ] --END-- [ RunTime:0.002322s ]
NOTIC: [8] Undefined index: msgsys_upass D:\Web\PHP\MsgSystem\msgsys-002\Home\Controller\IndexController.class.php 第 157 行.
INFO: [ app_end ] --START--
INFO: Run Behavior\ShowPageTraceBehavior [ RunTime:0.002425s ]
INFO: [ app_end ] --END-- [ RunTime:0.002657s ]

