[ 2017-05-11T16:29:41+08:00 ] 127.0.0.1 /msgsys-002/index.php/home/Index/message.html
INFO: [ app_begin ] --START--
INFO: Run Behavior\ReadHtmlCacheBehavior [ RunTime:0.003944s ]
INFO: [ app_begin ] --END-- [ RunTime:0.031063s ]
SQL: SHOW COLUMNS FROM `msg_content` [ RunTime:0.0092s ]
SQL: INSERT INTO `msg_content` (`uid`,`text`,`time`,`uname`) VALUES ('1','我是 admin ，今天我很高兴。','2017-05-11 16:29:41','admin') [ RunTime:0.0648s ]
SQL: SELECT * FROM `msg_content` WHERE ( uname='admin' ) ORDER BY id desc LIMIT 1   [ RunTime:0.0009s ]
INFO: [ app_end ] --START--
INFO: Run Behavior\ShowPageTraceBehavior [ RunTime:0.001749s ]
INFO: [ app_end ] --END-- [ RunTime:0.001941s ]

[ 2017-05-11T16:46:18+08:00 ] 127.0.0.1 /msgsys-002/index.php/home/Index/message.html
INFO: [ app_begin ] --START--
INFO: Run Behavior\ReadHtmlCacheBehavior [ RunTime:0.001652s ]
INFO: [ app_begin ] --END-- [ RunTime:0.002655s ]
SQL: SHOW COLUMNS FROM `msg_content` [ RunTime:0.0081s ]
SQL: INSERT INTO `msg_content` (`uid`,`text`,`time`,`uname`) VALUES ('1','我是 admin ，今天我很高兴。','2017-05-11 16:46:18','admin') [ RunTime:0.0799s ]
SQL: SELECT * FROM `msg_content` WHERE ( uname='admin' ) ORDER BY id desc LIMIT 1   [ RunTime:0.0007s ]
INFO: [ app_end ] --START--
INFO: Run Behavior\ShowPageTraceBehavior [ RunTime:0.001593s ]
INFO: [ app_end ] --END-- [ RunTime:0.001742s ]

[ 2017-05-11T16:52:13+08:00 ] 127.0.0.1 /msgsys-002/index.php/home/Index/message.html
INFO: [ app_begin ] --START--
INFO: Run Behavior\ReadHtmlCacheBehavior [ RunTime:0.001936s ]
INFO: [ app_begin ] --END-- [ RunTime:0.003397s ]
SQL: SHOW COLUMNS FROM `msg_content` [ RunTime:0.0135s ]
SQL: INSERT INTO `msg_content` (`uid`,`text`,`time`,`uname`) VALUES ('1','我是 admin ，今天我很高兴。第三次','2017-05-11 16:52:13','admin') [ RunTime:0.0523s ]
SQL: SELECT * FROM `msg_content` WHERE ( uname='admin' ) ORDER BY id desc LIMIT 1   [ RunTime:0.0009s ]
INFO: [ app_end ] --START--
INFO: Run Behavior\ShowPageTraceBehavior [ RunTime:0.002809s ]
INFO: [ app_end ] --END-- [ RunTime:0.003123s ]

[ 2017-05-11T16:54:13+08:00 ] 127.0.0.1 /msgsys-002/index.php/home/Index/message.html
INFO: [ app_begin ] --START--
INFO: Run Behavior\ReadHtmlCacheBehavior [ RunTime:0.002013s ]
INFO: [ app_begin ] --END-- [ RunTime:0.019323s ]
SQL: SHOW COLUMNS FROM `msg_content` [ RunTime:0.0085s ]
SQL: INSERT INTO `msg_content` (`uid`,`text`,`time`,`uname`) VALUES ('2','我是 qlover ，今天我很高兴。','2017-05-11 16:54:13','qlover') [ RunTime:0.0747s ]
SQL: SELECT * FROM `msg_content` WHERE ( uname='qlover' ) ORDER BY id desc LIMIT 1   [ RunTime:0.0013s ]
INFO: [ app_end ] --START--
INFO: Run Behavior\ShowPageTraceBehavior [ RunTime:0.002371s ]
INFO: [ app_end ] --END-- [ RunTime:0.002681s ]

[ 2017-05-11T17:00:30+08:00 ] 127.0.0.1 /msgsys-002/index.php/home/Index/quit.html
INFO: [ app_begin ] --START--
INFO: Run Behavior\ReadHtmlCacheBehavior [ RunTime:0.001428s ]
INFO: [ app_begin ] --END-- [ RunTime:0.002734s ]
NOTIC: [8] Undefined index: msgsys_upass D:\Web\PHP\MsgSystem\msgsys-002\Home\Controller\IndexController.class.php 第 128 行.
INFO: [ app_end ] --START--
INFO: Run Behavior\ShowPageTraceBehavior [ RunTime:0.001391s ]
INFO: [ app_end ] --END-- [ RunTime:0.001546s ]

[ 2017-05-11T17:00:52+08:00 ] 127.0.0.1 /msgsys-002/index.php/home/Index/check.html
INFO: [ app_begin ] --START--
INFO: Run Behavior\ReadHtmlCacheBehavior [ RunTime:0.001508s ]
INFO: [ app_begin ] --END-- [ RunTime:0.002481s ]

[ 2017-05-11T17:01:33+08:00 ] 127.0.0.1 /msgsys-002/index.php/home/Index/check.html
INFO: [ app_begin ] --START--
INFO: Run Behavior\ReadHtmlCacheBehavior [ RunTime:0.001222s ]
INFO: [ app_begin ] --END-- [ RunTime:0.002105s ]

[ 2017-05-11T17:02:04+08:00 ] 127.0.0.1 /msgsys-002/index.php/home/Index/check.html
INFO: [ app_begin ] --START--
INFO: Run Behavior\ReadHtmlCacheBehavior [ RunTime:0.001006s ]
INFO: [ app_begin ] --END-- [ RunTime:0.001742s ]

[ 2017-05-11T17:04:39+08:00 ] 127.0.0.1 /msgsys-002/index.php/home/Index/checkName.html
INFO: [ app_begin ] --START--
INFO: Run Behavior\ReadHtmlCacheBehavior [ RunTime:0.000933s ]
INFO: [ app_begin ] --END-- [ RunTime:0.001596s ]
SQL: SHOW COLUMNS FROM `msg_user` [ RunTime:0.0056s ]
SQL: SELECT * FROM `msg_user` WHERE ( uname='admin' )  [ RunTime:0.0006s ]
INFO: [ app_end ] --START--
INFO: Run Behavior\ShowPageTraceBehavior [ RunTime:0.001222s ]
INFO: [ app_end ] --END-- [ RunTime:0.001371s ]

[ 2017-05-11T17:04:48+08:00 ] 127.0.0.1 /msgsys-002/index.php/home/Index/checkName.html
INFO: [ app_begin ] --START--
INFO: Run Behavior\ReadHtmlCacheBehavior [ RunTime:0.001867s ]
INFO: [ app_begin ] --END-- [ RunTime:0.003264s ]
SQL: SHOW COLUMNS FROM `msg_user` [ RunTime:0.0103s ]
SQL: SELECT * FROM `msg_user` WHERE ( uname='zzx' )  [ RunTime:0.0010s ]
INFO: [ app_end ] --START--
INFO: Run Behavior\ShowPageTraceBehavior [ RunTime:0.001599s ]
INFO: [ app_end ] --END-- [ RunTime:0.001776s ]

[ 2017-05-11T17:05:01+08:00 ] 127.0.0.1 /msgsys-002/index.php/home/Index/checkName.html
INFO: [ app_begin ] --START--
INFO: Run Behavior\ReadHtmlCacheBehavior [ RunTime:0.001275s ]
INFO: [ app_begin ] --END-- [ RunTime:0.002153s ]
SQL: SHOW COLUMNS FROM `msg_user` [ RunTime:0.0087s ]
SQL: SELECT * FROM `msg_user` WHERE ( uname='hone' )  [ RunTime:0.0008s ]
INFO: [ app_end ] --START--
INFO: Run Behavior\ShowPageTraceBehavior [ RunTime:0.001541s ]
INFO: [ app_end ] --END-- [ RunTime:0.001710s ]

[ 2017-05-11T17:06:19+08:00 ] 127.0.0.1 /msgsys-002/index.php/home/Index/checkName.html
INFO: [ app_begin ] --START--
INFO: Run Behavior\ReadHtmlCacheBehavior [ RunTime:0.001251s ]
INFO: [ app_begin ] --END-- [ RunTime:0.002141s ]
SQL: SHOW COLUMNS FROM `msg_user` [ RunTime:0.0068s ]
SQL: SELECT * FROM `msg_user` WHERE ( uname='hone' )  [ RunTime:0.0005s ]
INFO: [ app_end ] --START--
INFO: Run Behavior\ShowPageTraceBehavior [ RunTime:0.001210s ]
INFO: [ app_end ] --END-- [ RunTime:0.001345s ]

[ 2017-05-11T17:08:24+08:00 ] 127.0.0.1 /msgsys-002/index.php/home/Index/quit.html
INFO: [ app_begin ] --START--
INFO: Run Behavior\ReadHtmlCacheBehavior [ RunTime:0.001007s ]
INFO: [ app_begin ] --END-- [ RunTime:0.001728s ]
NOTIC: [8] Undefined index: msgsys_upass D:\Web\PHP\MsgSystem\msgsys-002\Home\Controller\IndexController.class.php 第 139 行.
INFO: [ app_end ] --START--
INFO: Run Behavior\ShowPageTraceBehavior [ RunTime:0.001098s ]
INFO: [ app_end ] --END-- [ RunTime:0.001223s ]

[ 2017-05-11T17:08:33+08:00 ] 127.0.0.1 /msgsys-002/index.php/home/Index/checkName.html
INFO: [ app_begin ] --START--
INFO: Run Behavior\ReadHtmlCacheBehavior [ RunTime:0.001625s ]
INFO: [ app_begin ] --END-- [ RunTime:0.002485s ]
SQL: SHOW COLUMNS FROM `msg_user` [ RunTime:0.0079s ]
SQL: SELECT * FROM `msg_user` WHERE ( uname='hone' )  [ RunTime:0.0004s ]
INFO: [ app_end ] --START--
INFO: Run Behavior\ShowPageTraceBehavior [ RunTime:0.001802s ]
INFO: [ app_end ] --END-- [ RunTime:0.001952s ]

[ 2017-05-11T17:08:58+08:00 ] 127.0.0.1 /msgsys-002/index.php/home/Index/checkName.html
INFO: [ app_begin ] --START--
INFO: Run Behavior\ReadHtmlCacheBehavior [ RunTime:0.001486s ]
INFO: [ app_begin ] --END-- [ RunTime:0.002966s ]
SQL: SHOW COLUMNS FROM `msg_user` [ RunTime:0.0099s ]
SQL: SELECT * FROM `msg_user` WHERE ( uname='qlover' )  [ RunTime:0.0011s ]
INFO: [ app_end ] --START--
INFO: Run Behavior\ShowPageTraceBehavior [ RunTime:0.002031s ]
INFO: [ app_end ] --END-- [ RunTime:0.002319s ]

[ 2017-05-11T17:09:05+08:00 ] 127.0.0.1 /msgsys-002/index.php/home/Index/checkName.html
INFO: [ app_begin ] --START--
INFO: Run Behavior\ReadHtmlCacheBehavior [ RunTime:0.001317s ]
INFO: [ app_begin ] --END-- [ RunTime:0.002221s ]
SQL: SHOW COLUMNS FROM `msg_user` [ RunTime:0.0084s ]
SQL: SELECT * FROM `msg_user` WHERE ( uname='zzx12' )  [ RunTime:0.0008s ]
INFO: [ app_end ] --START--
INFO: Run Behavior\ShowPageTraceBehavior [ RunTime:0.001423s ]
INFO: [ app_end ] --END-- [ RunTime:0.001577s ]

[ 2017-05-11T17:09:07+08:00 ] 127.0.0.1 /msgsys-002/index.php/home/Index/checkName.html
INFO: [ app_begin ] --START--
INFO: Run Behavior\ReadHtmlCacheBehavior [ RunTime:0.002125s ]
INFO: [ app_begin ] --END-- [ RunTime:0.003372s ]
SQL: SHOW COLUMNS FROM `msg_user` [ RunTime:0.0087s ]
SQL: SELECT * FROM `msg_user` WHERE ( uname='zzx12' )  [ RunTime:0.0004s ]
INFO: [ app_end ] --START--
INFO: Run Behavior\ShowPageTraceBehavior [ RunTime:0.001450s ]
INFO: [ app_end ] --END-- [ RunTime:0.001602s ]

[ 2017-05-11T17:09:55+08:00 ] 127.0.0.1 /msgsys-002/index.php/home/Index/message.html
INFO: [ app_begin ] --START--
INFO: Run Behavior\ReadHtmlCacheBehavior [ RunTime:0.001852s ]
INFO: [ app_begin ] --END-- [ RunTime:0.002835s ]
SQL: SHOW COLUMNS FROM `msg_content` [ RunTime:0.0087s ]
SQL: INSERT INTO `msg_content` (`uid`,`text`,`time`,`uname`) VALUES ('84','保护环境，人人有责
','2017-05-11 17:09:55','zzx12') [ RunTime:0.0670s ]
SQL: SELECT * FROM `msg_content` WHERE ( uname='zzx12' ) ORDER BY id desc LIMIT 1   [ RunTime:0.0009s ]
INFO: [ app_end ] --START--
INFO: Run Behavior\ShowPageTraceBehavior [ RunTime:0.001798s ]
INFO: [ app_end ] --END-- [ RunTime:0.001996s ]

[ 2017-05-11T17:11:45+08:00 ] 127.0.0.1 /msgsys-002/index.php/home/Index/message.html
INFO: [ app_begin ] --START--
INFO: Run Behavior\ReadHtmlCacheBehavior [ RunTime:0.001456s ]
INFO: [ app_begin ] --END-- [ RunTime:0.002307s ]
SQL: SHOW COLUMNS FROM `msg_content` [ RunTime:0.0068s ]
SQL: INSERT INTO `msg_content` (`uid`,`text`,`time`,`uname`) VALUES ('1','我是 zzx12 ，今天我很高兴。','2017-05-11 17:11:44','zzx12') [ RunTime:0.0572s ]
SQL: SELECT * FROM `msg_content` WHERE ( uname='zzx12' ) ORDER BY id desc LIMIT 1   [ RunTime:0.0007s ]
INFO: [ app_end ] --START--
INFO: Run Behavior\ShowPageTraceBehavior [ RunTime:0.001634s ]
INFO: [ app_end ] --END-- [ RunTime:0.001769s ]

[ 2017-05-11T17:23:44+08:00 ] 127.0.0.1 /msgsys-002/index.php/home/Index/checkName.html
INFO: [ app_begin ] --START--
INFO: Run Behavior\ReadHtmlCacheBehavior [ RunTime:0.001430s ]
INFO: [ app_begin ] --END-- [ RunTime:0.002331s ]
SQL: SHOW COLUMNS FROM `msg_user` [ RunTime:0.0084s ]
SQL: SELECT * FROM `msg_user` WHERE ( uname='abc' )  [ RunTime:0.0011s ]
INFO: [ app_end ] --START--
INFO: Run Behavior\ShowPageTraceBehavior [ RunTime:0.001498s ]
INFO: [ app_end ] --END-- [ RunTime:0.001662s ]

[ 2017-05-11T17:28:13+08:00 ] 127.0.0.1 /msgsys-002/index.php/home/Index/checkName.html
INFO: [ app_begin ] --START--
INFO: Run Behavior\ReadHtmlCacheBehavior [ RunTime:0.001436s ]
INFO: [ app_begin ] --END-- [ RunTime:0.002551s ]
SQL: SHOW COLUMNS FROM `msg_user` [ RunTime:0.0095s ]
SQL: SELECT * FROM `msg_user` WHERE ( uname='abc' )  [ RunTime:0.0005s ]
INFO: [ app_end ] --START--
INFO: Run Behavior\ShowPageTraceBehavior [ RunTime:0.001452s ]
INFO: [ app_end ] --END-- [ RunTime:0.001617s ]

[ 2017-05-11T17:28:15+08:00 ] 127.0.0.1 /msgsys-002/index.php/home/Index/checkName.html
INFO: [ app_begin ] --START--
INFO: Run Behavior\ReadHtmlCacheBehavior [ RunTime:0.001237s ]
INFO: [ app_begin ] --END-- [ RunTime:0.002131s ]
SQL: SHOW COLUMNS FROM `msg_user` [ RunTime:0.0096s ]
SQL: SELECT * FROM `msg_user` WHERE ( uname='abcd' )  [ RunTime:0.0009s ]
INFO: [ app_end ] --START--
INFO: Run Behavior\ShowPageTraceBehavior [ RunTime:0.002232s ]
INFO: [ app_end ] --END-- [ RunTime:0.002429s ]

[ 2017-05-11T17:29:17+08:00 ] 127.0.0.1 /msgsys-002/index.php/home/Index/quit.html
INFO: [ app_begin ] --START--
INFO: Run Behavior\ReadHtmlCacheBehavior [ RunTime:0.001253s ]
INFO: [ app_begin ] --END-- [ RunTime:0.002163s ]
NOTIC: [8] Undefined index: msgsys_upass D:\Web\PHP\MsgSystem\msgsys-002\Home\Controller\IndexController.class.php 第 143 行.
INFO: [ app_end ] --START--
INFO: Run Behavior\ShowPageTraceBehavior [ RunTime:0.001373s ]
INFO: [ app_end ] --END-- [ RunTime:0.001535s ]

[ 2017-05-11T17:29:59+08:00 ] 127.0.0.1 /msgsys-002/index.php/home/Index/message.html
INFO: [ app_begin ] --START--
INFO: Run Behavior\ReadHtmlCacheBehavior [ RunTime:0.001575s ]
INFO: [ app_begin ] --END-- [ RunTime:0.002563s ]
SQL: SHOW COLUMNS FROM `msg_content` [ RunTime:0.0112s ]
SQL: INSERT INTO `msg_content` (`uid`,`text`,`time`,`uname`) VALUES ('2','保护环境，我有责任。','2017-05-11 17:29:59','qlover') [ RunTime:0.0776s ]
SQL: SELECT * FROM `msg_content` WHERE ( uname='qlover' ) ORDER BY id desc LIMIT 1   [ RunTime:0.0012s ]
INFO: [ app_end ] --START--
INFO: Run Behavior\ShowPageTraceBehavior [ RunTime:0.002387s ]
INFO: [ app_end ] --END-- [ RunTime:0.002671s ]

