[ 2017-04-22T00:00:10+08:00 ] 127.0.0.1 /msgsys-002/index.php/home/index/quit.html
INFO: [ app_begin ] --START--
INFO: Run Behavior\ReadHtmlCacheBehavior [ RunTime:0.001661s ]
INFO: [ app_begin ] --END-- [ RunTime:0.003083s ]

[ 2017-04-22T00:01:10+08:00 ] 127.0.0.1 /msgsys-002/index.php/home/index/quit.html
INFO: [ app_begin ] --START--
INFO: Run Behavior\ReadHtmlCacheBehavior [ RunTime:0.001809s ]
INFO: [ app_begin ] --END-- [ RunTime:0.003112s ]
ERR: 模板不存在:D:/Web/PHP/MsgSystem/msgsys-002/Home/View/Index/login.html.html

[ 2017-04-22T00:01:45+08:00 ] 127.0.0.1 /msgsys-002/index.php/home/index/quit.html
INFO: [ app_begin ] --START--
INFO: Run Behavior\ReadHtmlCacheBehavior [ RunTime:0.001237s ]
INFO: [ app_begin ] --END-- [ RunTime:0.002489s ]
INFO: [ view_parse ] --START--
INFO: [ template_filter ] --START--
INFO: Run Behavior\ContentReplaceBehavior [ RunTime:0.000113s ]
INFO: [ template_filter ] --END-- [ RunTime:0.000318s ]
INFO: Run Behavior\ParseTemplateBehavior [ RunTime:0.016906s ]
INFO: [ view_parse ] --END-- [ RunTime:0.017085s ]
INFO: [ view_filter ] --START--
INFO: Run Behavior\WriteHtmlCacheBehavior [ RunTime:0.000850s ]
INFO: [ view_filter ] --END-- [ RunTime:0.000986s ]
INFO: [ app_end ] --START--
INFO: Run Behavior\ShowPageTraceBehavior [ RunTime:0.002046s ]
INFO: [ app_end ] --END-- [ RunTime:0.002205s ]

[ 2017-04-22T00:02:42+08:00 ] 127.0.0.1 /msgsys-002/index.php/home/index/quit.html
INFO: [ app_begin ] --START--
INFO: Run Behavior\ReadHtmlCacheBehavior [ RunTime:0.001882s ]
INFO: [ app_begin ] --END-- [ RunTime:0.003385s ]
INFO: [ app_end ] --START--
INFO: Run Behavior\ShowPageTraceBehavior [ RunTime:0.003219s ]
INFO: [ app_end ] --END-- [ RunTime:0.003430s ]

[ 2017-04-22T00:02:42+08:00 ] 127.0.0.1 /msgsys-002/index.php/home/index/login.html
INFO: [ app_begin ] --START--
INFO: Run Behavior\ReadHtmlCacheBehavior [ RunTime:0.007880s ]
INFO: [ app_begin ] --END-- [ RunTime:0.009146s ]
NOTIC: [8] Undefined index: msgsys_pass D:\Web\PHP\MsgSystem\msgsys-002\Home\Controller\IndexController.class.php 第 39 行.
NOTIC: [8] Undefined index: msgsys_uname D:\Web\PHP\MsgSystem\msgsys-002\Home\Controller\IndexController.class.php 第 39 行.
INFO: [ view_parse ] --START--
INFO: [ template_filter ] --START--
INFO: Run Behavior\ContentReplaceBehavior [ RunTime:0.000237s ]
INFO: [ template_filter ] --END-- [ RunTime:0.001246s ]
INFO: Run Behavior\ParseTemplateBehavior [ RunTime:0.027126s ]
INFO: [ view_parse ] --END-- [ RunTime:0.027329s ]
INFO: [ view_filter ] --START--
INFO: Run Behavior\WriteHtmlCacheBehavior [ RunTime:0.000716s ]
INFO: [ view_filter ] --END-- [ RunTime:0.000848s ]
INFO: [ app_end ] --START--
INFO: Run Behavior\ShowPageTraceBehavior [ RunTime:0.001399s ]
INFO: [ app_end ] --END-- [ RunTime:0.001546s ]

[ 2017-04-22T00:04:21+08:00 ] 127.0.0.1 /msgsys-002/index.php/home/index/quit.html
INFO: [ app_begin ] --START--
INFO: Run Behavior\ReadHtmlCacheBehavior [ RunTime:0.001690s ]
INFO: [ app_begin ] --END-- [ RunTime:0.002922s ]
NOTIC: [8] Undefined index: msgsys_upass D:\Web\PHP\MsgSystem\msgsys-002\Home\Controller\IndexController.class.php 第 113 行.
INFO: [ app_end ] --START--
INFO: Run Behavior\ShowPageTraceBehavior [ RunTime:0.001409s ]
INFO: [ app_end ] --END-- [ RunTime:0.001573s ]

[ 2017-04-22T00:04:43+08:00 ] 127.0.0.1 /msgsys-002/index.php/home/index/quit.html
INFO: [ app_begin ] --START--
INFO: Run Behavior\ReadHtmlCacheBehavior [ RunTime:0.001162s ]
INFO: [ app_begin ] --END-- [ RunTime:0.001978s ]
NOTIC: [8] Undefined index: msgsys_upass D:\Web\PHP\MsgSystem\msgsys-002\Home\Controller\IndexController.class.php 第 113 行.
INFO: [ app_end ] --START--
INFO: Run Behavior\ShowPageTraceBehavior [ RunTime:0.001077s ]
INFO: [ app_end ] --END-- [ RunTime:0.001200s ]

[ 2017-04-22T00:05:36+08:00 ] 127.0.0.1 /msgsys-002/index.php/home/index/quit.html
INFO: [ app_begin ] --START--
INFO: Run Behavior\ReadHtmlCacheBehavior [ RunTime:0.001361s ]
INFO: [ app_begin ] --END-- [ RunTime:0.002137s ]
NOTIC: [8] Undefined index: msgsys_upass D:\Web\PHP\MsgSystem\msgsys-002\Home\Controller\IndexController.class.php 第 113 行.
INFO: [ app_end ] --START--
INFO: Run Behavior\ShowPageTraceBehavior [ RunTime:0.001349s ]
INFO: [ app_end ] --END-- [ RunTime:0.001486s ]

[ 2017-04-22T00:06:00+08:00 ] 127.0.0.1 /msgsys-002/index.php/home/index/quit.html
INFO: [ app_begin ] --START--
INFO: Run Behavior\ReadHtmlCacheBehavior [ RunTime:0.003234s ]
INFO: [ app_begin ] --END-- [ RunTime:0.005091s ]
NOTIC: [8] Undefined index: msgsys_upass D:\Web\PHP\MsgSystem\msgsys-002\Home\Controller\IndexController.class.php 第 113 行.
INFO: [ app_end ] --START--
INFO: Run Behavior\ShowPageTraceBehavior [ RunTime:0.004811s ]
INFO: [ app_end ] --END-- [ RunTime:0.005021s ]

[ 2017-04-22T00:06:30+08:00 ] 127.0.0.1 /msgsys-002/index.php/home/index/quit.html
INFO: [ app_begin ] --START--
INFO: Run Behavior\ReadHtmlCacheBehavior [ RunTime:0.001747s ]
INFO: [ app_begin ] --END-- [ RunTime:0.002989s ]
NOTIC: [8] Undefined index: msgsys_upass D:\Web\PHP\MsgSystem\msgsys-002\Home\Controller\IndexController.class.php 第 112 行.
INFO: [ app_end ] --START--
INFO: Run Behavior\ShowPageTraceBehavior [ RunTime:0.001920s ]
INFO: [ app_end ] --END-- [ RunTime:0.002232s ]

[ 2017-04-22T00:06:58+08:00 ] 127.0.0.1 /msgsys-002/index.php/home/index/quit.html
INFO: [ app_begin ] --START--
INFO: Run Behavior\ReadHtmlCacheBehavior [ RunTime:0.001864s ]
INFO: [ app_begin ] --END-- [ RunTime:0.003026s ]
NOTIC: [8] Undefined index: msgsys_upass D:\Web\PHP\MsgSystem\msgsys-002\Home\Controller\IndexController.class.php 第 112 行.
INFO: [ app_end ] --START--
INFO: Run Behavior\ShowPageTraceBehavior [ RunTime:0.001445s ]
INFO: [ app_end ] --END-- [ RunTime:0.001659s ]

[ 2017-04-22T00:07:36+08:00 ] 127.0.0.1 /msgsys-002/index.php/home/index/quit.html
INFO: [ app_begin ] --START--
INFO: Run Behavior\ReadHtmlCacheBehavior [ RunTime:0.001969s ]
INFO: [ app_begin ] --END-- [ RunTime:0.003244s ]
NOTIC: [8] Undefined index: msgsys_upass D:\Web\PHP\MsgSystem\msgsys-002\Home\Controller\IndexController.class.php 第 112 行.
INFO: [ app_end ] --START--
INFO: Run Behavior\ShowPageTraceBehavior [ RunTime:0.002025s ]
INFO: [ app_end ] --END-- [ RunTime:0.002295s ]

[ 2017-04-22T00:11:31+08:00 ] 127.0.0.1 /msgsys-002/index.php/home/index/main.html
ERR: Think\Model:getOneMsg方法不存在！

[ 2017-04-22T00:14:41+08:00 ] 127.0.0.1 /msgsys-002/index.php/home/index/main.html
ERR: Think\Model:filed方法不存在！

[ 2017-04-22T00:30:22+08:00 ] 127.0.0.1 /msgsys-002/index.php/home/index/main.html
ERR: 1054:Unknown column 'unmae' in 'where clause'
 [ SQL语句 ] : SELECT `uid`,`uname`,`text` FROM `msg_content` WHERE ( unmae='admin' ) ORDER BY id desc 

[ 2017-04-22T00:30:44+08:00 ] 127.0.0.1 /msgsys-002/index.php/home/index/main.html
ERR: 1054:Unknown column 'unmae' in 'where clause'
 [ SQL语句 ] : SELECT `uid`,`uname`,`text` FROM `msg_content` WHERE ( unmae='admin' ) ORDER BY id desc 

[ 2017-04-22T00:33:45+08:00 ] 127.0.0.1 /msgsys-002/index.php/home/index/main.html
ERR: 1054:Unknown column 'unmae' in 'where clause'
 [ SQL语句 ] : SELECT `uid`,`uname`,`text` FROM `msg_content` WHERE ( unmae='admin' ) ORDER BY id desc LIMIT 1  

[ 2017-04-22T00:34:10+08:00 ] 127.0.0.1 /msgsys-002/index.php/home/index/main.html
ERR: 1054:Unknown column 'unmae' in 'where clause'
 [ SQL语句 ] : SELECT `uid`,`uname`,`text` FROM `msg_content` WHERE ( unmae='admin' ) 

[ 2017-04-22T00:34:15+08:00 ] 127.0.0.1 /msgsys-002/index.php/home/index/main.html
ERR: 1054:Unknown column 'unmae' in 'where clause'
 [ SQL语句 ] : SELECT `uid`,`uname`,`text` FROM `msg_content` WHERE ( unmae='admin' ) 

[ 2017-04-22T22:31:59+08:00 ] 127.0.0.1 /msgsys-002/index.php/home/index/main.html
ERR: Think\Controller:assing方法不存在！

[ 2017-04-22T22:32:12+08:00 ] 127.0.0.1 /msgsys-002/index.php/home/index/quit.html
INFO: [ app_begin ] --START--
INFO: Run Behavior\ReadHtmlCacheBehavior [ RunTime:0.001380s ]
INFO: [ app_begin ] --END-- [ RunTime:0.002538s ]
NOTIC: [8] Undefined index: msgsys_upass D:\Web\PHP\MsgSystem\msgsys-002\Home\Controller\IndexController.class.php 第 118 行.
INFO: [ app_end ] --START--
INFO: Run Behavior\ShowPageTraceBehavior [ RunTime:0.003890s ]
INFO: [ app_end ] --END-- [ RunTime:0.004060s ]

[ 2017-04-22T23:05:30+08:00 ] 127.0.0.1 /msgsys-002/index.php/home/index/message.html
INFO: [ app_begin ] --START--
INFO: Run Behavior\ReadHtmlCacheBehavior [ RunTime:0.002108s ]
INFO: [ app_begin ] --END-- [ RunTime:0.004214s ]
INFO: [ app_end ] --START--
INFO: Run Behavior\ShowPageTraceBehavior [ RunTime:0.001446s ]
INFO: [ app_end ] --END-- [ RunTime:0.001637s ]

[ 2017-04-22T23:06:12+08:00 ] 127.0.0.1 /msgsys-002/index.php/home/index/message.html
INFO: [ app_begin ] --START--
INFO: Run Behavior\ReadHtmlCacheBehavior [ RunTime:0.001573s ]
INFO: [ app_begin ] --END-- [ RunTime:0.002893s ]
INFO: [ app_end ] --START--
INFO: Run Behavior\ShowPageTraceBehavior [ RunTime:0.001740s ]
INFO: [ app_end ] --END-- [ RunTime:0.002008s ]

[ 2017-04-22T23:08:30+08:00 ] 127.0.0.1 /msgsys-002/index.php/home/index/message.html
INFO: [ app_begin ] --START--
INFO: Run Behavior\ReadHtmlCacheBehavior [ RunTime:0.003433s ]
INFO: [ app_begin ] --END-- [ RunTime:0.005252s ]
SQL: SHOW COLUMNS FROM `msg_content` [ RunTime:0.0158s ]
NOTIC: [2] Missing argument 1 for Model\ContentModel::setOneData(), called in D:\Web\PHP\MsgSystem\msgsys-002\Home\Controller\IndexController.class.php on line 131 and defined D:\Web\PHP\MsgSystem\msgsys-002\Model\ContentModel.class.php 第 12 行.
INFO: [ app_end ] --START--
INFO: Run Behavior\ShowPageTraceBehavior [ RunTime:0.002230s ]
INFO: [ app_end ] --END-- [ RunTime:0.002454s ]

[ 2017-04-22T23:09:34+08:00 ] 127.0.0.1 /msgsys-002/index.php/home/index/message.html
INFO: [ app_begin ] --START--
INFO: Run Behavior\ReadHtmlCacheBehavior [ RunTime:0.001707s ]
INFO: [ app_begin ] --END-- [ RunTime:0.002744s ]
SQL: SHOW COLUMNS FROM `msg_content` [ RunTime:0.0098s ]
NOTIC: [2] Missing argument 1 for Model\ContentModel::setOneData(), called in D:\Web\PHP\MsgSystem\msgsys-002\Home\Controller\IndexController.class.php on line 131 and defined D:\Web\PHP\MsgSystem\msgsys-002\Model\ContentModel.class.php 第 12 行.
NOTIC: [8] Undefined variable: val D:\Web\PHP\MsgSystem\msgsys-002\Model\ContentModel.class.php 第 13 行.
INFO: [ app_end ] --START--
INFO: Run Behavior\ShowPageTraceBehavior [ RunTime:0.001556s ]
INFO: [ app_end ] --END-- [ RunTime:0.001713s ]

[ 2017-04-22T23:10:40+08:00 ] 127.0.0.1 /msgsys-002/index.php/home/index/message.html
INFO: [ app_begin ] --START--
INFO: Run Behavior\ReadHtmlCacheBehavior [ RunTime:0.001295s ]
INFO: [ app_begin ] --END-- [ RunTime:0.002265s ]
SQL: SHOW COLUMNS FROM `msg_content` [ RunTime:0.0096s ]
SQL: INSERT INTO `msg_content` (`uid`,`text`,`time`,`uname`) VALUES ('1','Today,I am very happy.','2017-04-22 23:10:40','admin') [ RunTime:0.1455s ]
INFO: [ app_end ] --START--
INFO: Run Behavior\ShowPageTraceBehavior [ RunTime:0.001855s ]
INFO: [ app_end ] --END-- [ RunTime:0.002039s ]

[ 2017-04-22T23:19:59+08:00 ] 127.0.0.1 /msgsys-002/index.php/home/index/message.html
INFO: [ app_begin ] --START--
INFO: Run Behavior\ReadHtmlCacheBehavior [ RunTime:0.001427s ]
INFO: [ app_begin ] --END-- [ RunTime:0.002618s ]
SQL: SHOW COLUMNS FROM `msg_content` [ RunTime:0.0101s ]
SQL: INSERT INTO `msg_content` (`uid`,`text`,`time`,`uname`) VALUES ('1','admin1000','2017-04-22 23:19:59','admin') [ RunTime:0.0889s ]
SQL: SELECT * FROM `msg_content` WHERE ( uname='admin' ) ORDER BY id desc LIMIT 1   [ RunTime:0.0008s ]
INFO: [ app_end ] --START--
INFO: Run Behavior\ShowPageTraceBehavior [ RunTime:0.002397s ]
INFO: [ app_end ] --END-- [ RunTime:0.002568s ]

[ 2017-04-22T23:20:52+08:00 ] 127.0.0.1 /msgsys-002/index.php/home/index/message.html
INFO: [ app_begin ] --START--
INFO: Run Behavior\ReadHtmlCacheBehavior [ RunTime:0.001678s ]
INFO: [ app_begin ] --END-- [ RunTime:0.003248s ]
SQL: SHOW COLUMNS FROM `msg_content` [ RunTime:0.0103s ]
SQL: INSERT INTO `msg_content` (`uid`,`text`,`time`,`uname`) VALUES ('1','admin200
','2017-04-22 23:20:51','admin') [ RunTime:0.0765s ]
SQL: SELECT * FROM `msg_content` WHERE ( uname='admin' ) ORDER BY id desc LIMIT 1   [ RunTime:0.0152s ]
INFO: [ app_end ] --START--
INFO: Run Behavior\ShowPageTraceBehavior [ RunTime:0.001571s ]
INFO: [ app_end ] --END-- [ RunTime:0.001745s ]

[ 2017-04-22T23:25:22+08:00 ] 127.0.0.1 /msgsys-002/index.php/home/index/message.html
INFO: [ app_begin ] --START--
INFO: Run Behavior\ReadHtmlCacheBehavior [ RunTime:0.001392s ]
INFO: [ app_begin ] --END-- [ RunTime:0.002334s ]
SQL: SHOW COLUMNS FROM `msg_content` [ RunTime:0.0110s ]
SQL: INSERT INTO `msg_content` (`uid`,`text`,`time`,`uname`) VALUES ('2','qlover1000','2017-04-22 23:25:22','qlover') [ RunTime:0.0540s ]
SQL: SELECT * FROM `msg_content` WHERE ( uname='qlover' ) ORDER BY id desc LIMIT 1   [ RunTime:0.0010s ]
INFO: [ app_end ] --START--
INFO: Run Behavior\ShowPageTraceBehavior [ RunTime:0.001496s ]
INFO: [ app_end ] --END-- [ RunTime:0.001660s ]

[ 2017-04-22T23:26:27+08:00 ] 127.0.0.1 /msgsys-002/index.php/home/index/message.html
INFO: [ app_begin ] --START--
INFO: Run Behavior\ReadHtmlCacheBehavior [ RunTime:0.001330s ]
INFO: [ app_begin ] --END-- [ RunTime:0.002325s ]
SQL: SHOW COLUMNS FROM `msg_content` [ RunTime:0.0108s ]
SQL: INSERT INTO `msg_content` (`uid`,`text`,`time`,`uname`) VALUES ('2','qlover200','2017-04-22 23:26:27','qlover') [ RunTime:0.1024s ]
SQL: SELECT * FROM `msg_content` WHERE ( uname='qlover' ) ORDER BY id desc LIMIT 1   [ RunTime:0.0007s ]
INFO: [ app_end ] --START--
INFO: Run Behavior\ShowPageTraceBehavior [ RunTime:0.001615s ]
INFO: [ app_end ] --END-- [ RunTime:0.001784s ]

[ 2017-04-22T23:28:06+08:00 ] 127.0.0.1 /msgsys-002/index.php/home/index/message.html
INFO: [ app_begin ] --START--
INFO: Run Behavior\ReadHtmlCacheBehavior [ RunTime:0.001818s ]
INFO: [ app_begin ] --END-- [ RunTime:0.002869s ]
SQL: SHOW COLUMNS FROM `msg_content` [ RunTime:0.0094s ]
SQL: INSERT INTO `msg_content` (`uid`,`text`,`time`,`uname`) VALUES ('2','qlover3000','2017-04-22 23:28:06','qlover') [ RunTime:0.0803s ]
SQL: SELECT * FROM `msg_content` WHERE ( uname='qlover' ) ORDER BY id desc LIMIT 1   [ RunTime:0.0007s ]
INFO: [ app_end ] --START--
INFO: Run Behavior\ShowPageTraceBehavior [ RunTime:0.003109s ]
INFO: [ app_end ] --END-- [ RunTime:0.003282s ]

[ 2017-04-22T23:28:44+08:00 ] 127.0.0.1 /msgsys-002/index.php/home/index/message.html
INFO: [ app_begin ] --START--
INFO: Run Behavior\ReadHtmlCacheBehavior [ RunTime:0.000968s ]
INFO: [ app_begin ] --END-- [ RunTime:0.001685s ]
SQL: SHOW COLUMNS FROM `msg_content` [ RunTime:0.0076s ]
SQL: INSERT INTO `msg_content` (`uid`,`text`,`time`,`uname`) VALUES ('2','qlover4000','2017-04-22 23:28:44','qlover') [ RunTime:0.0696s ]
SQL: SELECT * FROM `msg_content` WHERE ( uname='qlover' ) ORDER BY id desc LIMIT 1   [ RunTime:0.0007s ]
INFO: [ app_end ] --START--
INFO: Run Behavior\ShowPageTraceBehavior [ RunTime:0.001130s ]
INFO: [ app_end ] --END-- [ RunTime:0.001261s ]

[ 2017-04-22T23:29:00+08:00 ] 127.0.0.1 /msgsys-002/index.php/home/index/message.html
INFO: [ app_begin ] --START--
INFO: Run Behavior\ReadHtmlCacheBehavior [ RunTime:0.004264s ]
INFO: [ app_begin ] --END-- [ RunTime:0.005189s ]
SQL: SHOW COLUMNS FROM `msg_content` [ RunTime:0.0087s ]
ERR: Think\Model:setOnData方法不存在！

[ 2017-04-22T23:29:02+08:00 ] 127.0.0.1 /msgsys-002/index.php/home/index/message.html
INFO: [ app_begin ] --START--
INFO: Run Behavior\ReadHtmlCacheBehavior [ RunTime:0.001854s ]
INFO: [ app_begin ] --END-- [ RunTime:0.003098s ]
SQL: SHOW COLUMNS FROM `msg_content` [ RunTime:0.0109s ]
ERR: Think\Model:setOnData方法不存在！

[ 2017-04-22T23:30:03+08:00 ] 127.0.0.1 /msgsys-002/index.php/home/index/message.html
INFO: [ app_begin ] --START--
INFO: Run Behavior\ReadHtmlCacheBehavior [ RunTime:0.001721s ]
INFO: [ app_begin ] --END-- [ RunTime:0.002914s ]
SQL: SHOW COLUMNS FROM `msg_content` [ RunTime:0.0104s ]
SQL: INSERT INTO `msg_content` (`uid`,`text`,`time`,`uname`) VALUES ('2','qlover6000','2017-04-22 23:30:03','qlover') [ RunTime:0.0914s ]
SQL: SELECT * FROM `msg_content` WHERE ( uname='qlover' ) ORDER BY id desc LIMIT 1   [ RunTime:0.0009s ]
INFO: [ app_end ] --START--
INFO: Run Behavior\ShowPageTraceBehavior [ RunTime:0.001522s ]
INFO: [ app_end ] --END-- [ RunTime:0.001679s ]

[ 2017-04-22T23:34:09+08:00 ] 127.0.0.1 /msgsys-002/index.php/home/index/message.html
INFO: [ app_begin ] --START--
INFO: Run Behavior\ReadHtmlCacheBehavior [ RunTime:0.002929s ]
INFO: [ app_begin ] --END-- [ RunTime:0.004060s ]
SQL: SHOW COLUMNS FROM `msg_content` [ RunTime:0.0100s ]
SQL: INSERT INTO `msg_content` (`uid`,`text`,`time`,`uname`) VALUES ('2','qlover7000','2017-04-22 23:34:09','qlover') [ RunTime:0.0965s ]
SQL: SELECT * FROM `msg_content` WHERE ( uname='qlover' ) ORDER BY id desc LIMIT 1   [ RunTime:0.0257s ]
INFO: [ app_end ] --START--
INFO: Run Behavior\ShowPageTraceBehavior [ RunTime:0.001834s ]
INFO: [ app_end ] --END-- [ RunTime:0.002008s ]

[ 2017-04-22T23:35:01+08:00 ] 127.0.0.1 /msgsys-002/index.php/home/index/message.html
INFO: [ app_begin ] --START--
INFO: Run Behavior\ReadHtmlCacheBehavior [ RunTime:0.001295s ]
INFO: [ app_begin ] --END-- [ RunTime:0.002247s ]
SQL: SHOW COLUMNS FROM `msg_content` [ RunTime:0.0094s ]
SQL: INSERT INTO `msg_content` (`uid`,`text`,`time`,`uname`) VALUES ('1','admon10000','2017-04-22 23:35:01','admin') [ RunTime:0.0873s ]
SQL: SELECT * FROM `msg_content` WHERE ( uname='admin' ) ORDER BY id desc LIMIT 1   [ RunTime:0.0010s ]
INFO: [ app_end ] --START--
INFO: Run Behavior\ShowPageTraceBehavior [ RunTime:0.001979s ]
INFO: [ app_end ] --END-- [ RunTime:0.002217s ]

[ 2017-04-22T23:35:49+08:00 ] 127.0.0.1 /msgsys-002/index.php/home/index/message.html
INFO: [ app_begin ] --START--
INFO: Run Behavior\ReadHtmlCacheBehavior [ RunTime:0.001744s ]
INFO: [ app_begin ] --END-- [ RunTime:0.002870s ]
SQL: SHOW COLUMNS FROM `msg_content` [ RunTime:0.0097s ]
SQL: INSERT INTO `msg_content` (`uid`,`text`,`time`,`uname`) VALUES ('1','admin20000','2017-04-22 23:35:49','admin') [ RunTime:0.0974s ]
SQL: SELECT * FROM `msg_content` WHERE ( uname='admin' ) ORDER BY id desc LIMIT 1   [ RunTime:0.0010s ]
INFO: [ app_end ] --START--
INFO: Run Behavior\ShowPageTraceBehavior [ RunTime:0.001917s ]
INFO: [ app_end ] --END-- [ RunTime:0.002096s ]

[ 2017-04-22T23:40:45+08:00 ] 127.0.0.1 /msgsys-002/index.php/home/index/message.html
INFO: [ app_begin ] --START--
INFO: Run Behavior\ReadHtmlCacheBehavior [ RunTime:0.002155s ]
INFO: [ app_begin ] --END-- [ RunTime:0.003246s ]
SQL: SHOW COLUMNS FROM `msg_content` [ RunTime:0.0105s ]
SQL: INSERT INTO `msg_content` (`uid`,`text`,`time`,`uname`) VALUES ('1','admin3000','2017-04-22 23:40:45','admin') [ RunTime:0.0418s ]
SQL: SELECT * FROM `msg_content` WHERE ( uname='admin' ) ORDER BY id desc LIMIT 1   [ RunTime:0.0008s ]
INFO: [ app_end ] --START--
INFO: Run Behavior\ShowPageTraceBehavior [ RunTime:0.001576s ]
INFO: [ app_end ] --END-- [ RunTime:0.001740s ]

[ 2017-04-22T23:41:52+08:00 ] 127.0.0.1 /msgsys-002/index.php/home/index/message.html
INFO: [ app_begin ] --START--
INFO: Run Behavior\ReadHtmlCacheBehavior [ RunTime:0.001588s ]
INFO: [ app_begin ] --END-- [ RunTime:0.002951s ]
SQL: SHOW COLUMNS FROM `msg_content` [ RunTime:0.0107s ]
SQL: INSERT INTO `msg_content` (`uid`,`text`,`time`,`uname`) VALUES ('1','admin4000','2017-04-22 23:41:52','admin') [ RunTime:0.0594s ]
SQL: SELECT * FROM `msg_content` WHERE ( uname='admin' ) ORDER BY id desc LIMIT 1   [ RunTime:0.0007s ]
INFO: [ app_end ] --START--
INFO: Run Behavior\ShowPageTraceBehavior [ RunTime:0.001516s ]
INFO: [ app_end ] --END-- [ RunTime:0.001674s ]

[ 2017-04-22T23:46:37+08:00 ] 127.0.0.1 /msgsys-002/index.php/home/index/message.html
INFO: [ app_begin ] --START--
INFO: Run Behavior\ReadHtmlCacheBehavior [ RunTime:0.001487s ]
INFO: [ app_begin ] --END-- [ RunTime:0.002552s ]
SQL: SHOW COLUMNS FROM `msg_content` [ RunTime:0.0089s ]
SQL: INSERT INTO `msg_content` (`uid`,`text`,`time`,`uname`) VALUES ('2','qlover10000','2017-04-22 23:46:37','qlover') [ RunTime:0.0731s ]
SQL: SELECT * FROM `msg_content` WHERE ( uname='qlover' ) ORDER BY id desc LIMIT 1   [ RunTime:0.0007s ]
INFO: [ app_end ] --START--
INFO: Run Behavior\ShowPageTraceBehavior [ RunTime:0.001730s ]
INFO: [ app_end ] --END-- [ RunTime:0.001868s ]

[ 2017-04-22T23:47:34+08:00 ] 127.0.0.1 /msgsys-002/index.php/home/index/message.html
INFO: [ app_begin ] --START--
INFO: Run Behavior\ReadHtmlCacheBehavior [ RunTime:0.001843s ]
INFO: [ app_begin ] --END-- [ RunTime:0.002940s ]
SQL: SHOW COLUMNS FROM `msg_content` [ RunTime:0.0108s ]
SQL: INSERT INTO `msg_content` (`uid`,`text`,`time`,`uname`) VALUES ('2','qlover2000','2017-04-22 23:47:33','qlover') [ RunTime:0.0726s ]
SQL: SELECT * FROM `msg_content` WHERE ( uname='qlover' ) ORDER BY id desc LIMIT 1   [ RunTime:0.0009s ]
INFO: [ app_end ] --START--
INFO: Run Behavior\ShowPageTraceBehavior [ RunTime:0.002130s ]
INFO: [ app_end ] --END-- [ RunTime:0.002329s ]

[ 2017-04-22T23:48:05+08:00 ] 127.0.0.1 /msgsys-002/index.php/home/index/message.html
INFO: [ app_begin ] --START--
INFO: Run Behavior\ReadHtmlCacheBehavior [ RunTime:0.001333s ]
INFO: [ app_begin ] --END-- [ RunTime:0.002423s ]
SQL: SHOW COLUMNS FROM `msg_content` [ RunTime:0.0094s ]
SQL: INSERT INTO `msg_content` (`uid`,`text`,`time`,`uname`) VALUES ('2','qlover3000','2017-04-22 23:48:05','qlover') [ RunTime:0.0869s ]
SQL: SELECT * FROM `msg_content` WHERE ( uname='qlover' ) ORDER BY id desc LIMIT 1   [ RunTime:0.0010s ]
INFO: [ app_end ] --START--
INFO: Run Behavior\ShowPageTraceBehavior [ RunTime:0.002111s ]
INFO: [ app_end ] --END-- [ RunTime:0.002324s ]

[ 2017-04-22T23:49:19+08:00 ] 127.0.0.1 /msgsys-002/index.php/home/index/message.html
INFO: [ app_begin ] --START--
INFO: Run Behavior\ReadHtmlCacheBehavior [ RunTime:0.001337s ]
INFO: [ app_begin ] --END-- [ RunTime:0.002659s ]
SQL: SHOW COLUMNS FROM `msg_content` [ RunTime:0.0101s ]
SQL: INSERT INTO `msg_content` (`uid`,`text`,`time`,`uname`) VALUES ('2','qlover30000','2017-04-22 23:49:18','qlover') [ RunTime:0.1012s ]
SQL: SELECT * FROM `msg_content` WHERE ( uname='qlover' ) ORDER BY id desc LIMIT 1   [ RunTime:0.0025s ]
INFO: [ app_end ] --START--
INFO: Run Behavior\ShowPageTraceBehavior [ RunTime:0.002253s ]
INFO: [ app_end ] --END-- [ RunTime:0.002494s ]

[ 2017-04-22T23:51:10+08:00 ] 127.0.0.1 /msgsys-002/index.php/home/index/message.html
INFO: [ app_begin ] --START--
INFO: Run Behavior\ReadHtmlCacheBehavior [ RunTime:0.001437s ]
INFO: [ app_begin ] --END-- [ RunTime:0.003035s ]
SQL: SHOW COLUMNS FROM `msg_content` [ RunTime:0.0096s ]
SQL: INSERT INTO `msg_content` (`uid`,`text`,`time`,`uname`) VALUES ('2','qlover4000','2017-04-22 23:51:10','qlover') [ RunTime:0.0733s ]
SQL: SELECT * FROM `msg_content` WHERE ( uname='qlover' ) ORDER BY id desc LIMIT 1   [ RunTime:0.0008s ]
INFO: [ app_end ] --START--
INFO: Run Behavior\ShowPageTraceBehavior [ RunTime:0.001502s ]
INFO: [ app_end ] --END-- [ RunTime:0.001665s ]

[ 2017-04-22T23:51:25+08:00 ] 127.0.0.1 /msgsys-002/index.php/home/index/message.html
INFO: [ app_begin ] --START--
INFO: Run Behavior\ReadHtmlCacheBehavior [ RunTime:0.001437s ]
INFO: [ app_begin ] --END-- [ RunTime:0.002375s ]
SQL: SHOW COLUMNS FROM `msg_content` [ RunTime:0.0078s ]
SQL: INSERT INTO `msg_content` (`uid`,`text`,`time`,`uname`) VALUES ('2','qlover500','2017-04-22 23:51:25','qlover') [ RunTime:0.0808s ]
SQL: SELECT * FROM `msg_content` WHERE ( uname='qlover' ) ORDER BY id desc LIMIT 1   [ RunTime:0.0007s ]
INFO: [ app_end ] --START--
INFO: Run Behavior\ShowPageTraceBehavior [ RunTime:0.001722s ]
INFO: [ app_end ] --END-- [ RunTime:0.001887s ]

[ 2017-04-22T23:55:41+08:00 ] 127.0.0.1 /msgsys-002/index.php/home/index/message.html
INFO: [ app_begin ] --START--
INFO: Run Behavior\ReadHtmlCacheBehavior [ RunTime:0.001798s ]
INFO: [ app_begin ] --END-- [ RunTime:0.004291s ]
SQL: SHOW COLUMNS FROM `msg_content` [ RunTime:0.0098s ]
SQL: INSERT INTO `msg_content` (`uid`,`text`,`time`,`uname`) VALUES ('2','qlover6000','2017-04-22 23:55:41','qlover') [ RunTime:0.0583s ]
SQL: SELECT * FROM `msg_content` WHERE ( uname='qlover' ) ORDER BY id desc LIMIT 1   [ RunTime:0.0009s ]
INFO: [ app_end ] --START--
INFO: Run Behavior\ShowPageTraceBehavior [ RunTime:0.001709s ]
INFO: [ app_end ] --END-- [ RunTime:0.001890s ]

[ 2017-04-22T23:56:01+08:00 ] 127.0.0.1 /msgsys-002/index.php/home/index/message.html
INFO: [ app_begin ] --START--
INFO: Run Behavior\ReadHtmlCacheBehavior [ RunTime:0.001863s ]
INFO: [ app_begin ] --END-- [ RunTime:0.003749s ]
SQL: SHOW COLUMNS FROM `msg_content` [ RunTime:0.0087s ]
SQL: INSERT INTO `msg_content` (`uid`,`text`,`time`,`uname`) VALUES ('2','qlover700','2017-04-22 23:56:01','qlover') [ RunTime:0.0614s ]
SQL: SELECT * FROM `msg_content` WHERE ( uname='qlover' ) ORDER BY id desc LIMIT 1   [ RunTime:0.0009s ]
INFO: [ app_end ] --START--
INFO: Run Behavior\ShowPageTraceBehavior [ RunTime:0.001930s ]
INFO: [ app_end ] --END-- [ RunTime:0.002091s ]

